2021-11-17 22:27:05,604:DEBUG:certbot._internal.main:certbot version: 1.21.0
2021-11-17 22:27:05,605:DEBUG:certbot._internal.main:Location of certbot entry point: /usr/local/bin/certbot
2021-11-17 22:27:05,605:DEBUG:certbot._internal.main:Arguments: ['-d', 'compcon.com.br', '-d', 'api.compcon.com.br', '--email', 'alissonvsouza8@gmail.com', '--agree-tos', '--manual', '--preferred-challenges', 'dns']
2021-11-17 22:27:05,605:DEBUG:certbot._internal.main:Discovered plugins: PluginsRegistry(PluginEntryPoint#manual,PluginEntryPoint#null,PluginEntryPoint#standalone,PluginEntryPoint#webroot)
2021-11-17 22:27:05,808:DEBUG:certbot._internal.log:Root logging level set at 30
2021-11-17 22:27:05,817:DEBUG:certbot._internal.plugins.selection:Requested authenticator manual and installer None
2021-11-17 22:27:05,822:DEBUG:certbot._internal.plugins.selection:Single candidate plugin: * manual
Description: Manual configuration or run your own shell scripts
Interfaces: Authenticator, Plugin
Entry point: manual = certbot._internal.plugins.manual:Authenticator
Initialized: <certbot._internal.plugins.manual.Authenticator object at 0x7f688a552a30>
Prep: True
2021-11-17 22:27:05,822:DEBUG:certbot._internal.plugins.selection:Selected authenticator <certbot._internal.plugins.manual.Authenticator object at 0x7f688a552a30> and installer None
2021-11-17 22:27:05,823:INFO:certbot._internal.plugins.selection:Plugins selected: Authenticator manual, Installer None
2021-11-17 22:27:05,954:DEBUG:acme.client:Sending GET request to https://acme-v02.api.letsencrypt.org/directory.
2021-11-17 22:27:05,957:DEBUG:urllib3.connectionpool:Starting new HTTPS connection (1): acme-v02.api.letsencrypt.org:443
2021-11-17 22:27:08,149:DEBUG:urllib3.connectionpool:https://acme-v02.api.letsencrypt.org:443 "GET /directory HTTP/1.1" 200 658
2021-11-17 22:27:08,152:DEBUG:acme.client:Received response:
HTTP 200
Server: nginx
Date: Wed, 17 Nov 2021 22:27:08 GMT
Content-Type: application/json
Content-Length: 658
Connection: keep-alive
Cache-Control: public, max-age=0, no-cache
X-Frame-Options: DENY
Strict-Transport-Security: max-age=604800

{
  "keyChange": "https://acme-v02.api.letsencrypt.org/acme/key-change",
  "meta": {
    "caaIdentities": [
      "letsencrypt.org"
    ],
    "termsOfService": "https://letsencrypt.org/documents/LE-SA-v1.2-November-15-2017.pdf",
    "website": "https://letsencrypt.org"
  },
  "newAccount": "https://acme-v02.api.letsencrypt.org/acme/new-acct",
  "newNonce": "https://acme-v02.api.letsencrypt.org/acme/new-nonce",
  "newOrder": "https://acme-v02.api.letsencrypt.org/acme/new-order",
  "revokeCert": "https://acme-v02.api.letsencrypt.org/acme/revoke-cert",
  "y2LyUUCfauo": "https://community.letsencrypt.org/t/adding-random-entries-to-the-directory/33417"
}
2021-11-17 22:27:08,154:DEBUG:acme.client:Requesting fresh nonce
2021-11-17 22:27:08,155:DEBUG:acme.client:Sending HEAD request to https://acme-v02.api.letsencrypt.org/acme/new-nonce.
2021-11-17 22:27:08,383:DEBUG:urllib3.connectionpool:https://acme-v02.api.letsencrypt.org:443 "HEAD /acme/new-nonce HTTP/1.1" 200 0
2021-11-17 22:27:08,386:DEBUG:acme.client:Received response:
HTTP 200
Server: nginx
Date: Wed, 17 Nov 2021 22:27:08 GMT
Connection: keep-alive
Cache-Control: public, max-age=0, no-cache
Link: <https://acme-v02.api.letsencrypt.org/directory>;rel="index"
Replay-Nonce: 0101JcpHeefD3LPzj6KxvLzHAOQkCVEIuNjjxq2gJXG_Uhg
X-Frame-Options: DENY
Strict-Transport-Security: max-age=604800


2021-11-17 22:27:08,388:DEBUG:acme.client:Storing nonce: 0101JcpHeefD3LPzj6KxvLzHAOQkCVEIuNjjxq2gJXG_Uhg
2021-11-17 22:27:08,390:DEBUG:acme.client:JWS payload:
b'{\n  "contact": [\n    "mailto:alissonvsouza8@gmail.com"\n  ],\n  "termsOfServiceAgreed": true\n}'
2021-11-17 22:27:08,400:DEBUG:acme.client:Sending POST request to https://acme-v02.api.letsencrypt.org/acme/new-acct:
{
  "protected": "eyJhbGciOiAiUlMyNTYiLCAiandrIjogeyJuIjogInVRcG9fNkxmZnJPTGw1UHNBZUpJVmhuQ2ItemJBUGM2Y2ZjSkc1MFJ5QlZTN3JFeHJsNDhSWjZYYndhUmZoTW51bUtsT1JudU0wbGgyWFFWX1Y3Umd3SUNxenY3ZlZjOVdyXy0ySE5ZMFhNWXNPNGxiWUl5QlN2ZW05Wi16VG5pQzlsLU1Dc2FRbkQ3VnJMZmNZblIzcHZIbmppVklmUENiQW5FQmY0QzJ5QmEzQXhtTlhSYTItYjZ0YVJ1Y1hIWTM0Nlg1R1M0M1hicVRwS2VhcXBOQlMwaC1jVzgyQzcydFNsazNqdUcyclhNWWszaXNwNlZ2eUlmX1hyY0JBZlpIdVNvRDNRQmY0TTlIQkZjQzJRMzBfTWd3U3RKWXBPS1VxX0RCem8wOWZ1U2hHT3otTjg0alhHWFg0VEtDNncyb296TEozTmV2RUhxRW5MaHFQXy1xdyIsICJlIjogIkFRQUIiLCAia3R5IjogIlJTQSJ9LCAibm9uY2UiOiAiMDEwMUpjcEhlZWZEM0xQemo2S3h2THpIQU9Ra0NWRUl1TmpqeHEyZ0pYR19VaGciLCAidXJsIjogImh0dHBzOi8vYWNtZS12MDIuYXBpLmxldHNlbmNyeXB0Lm9yZy9hY21lL25ldy1hY2N0In0",
  "signature": "dFVe5CHz1eG7MOfFCA3yRu9YZZ6YVMXJMQl9dLV27lEzBXfoCnlKXAMFiAsEjOHkGjW2p-rGCe5MB3hc6mo4uqRxZKyofhnMf7UYxscpa8pTxAxDeE6dpGsxxDD2faOwKktPSUF4uKEMuIi4LYmEeHOZFKT0hQtVGJ5DYk6C6Lph-d8hXhNqMTup0efOtZNOASxvwr6xreGWLEa44uvUNl_5hax-8K2ePpDDukt-jVIe_Noq3CK9mZ4qzIXlUxLJqwRsl5YVT13gUs-0oFNDg3HfxqPKuZgRODRwBToXEEZVXUIbR1E2_Kcnu3Dl4ljBmSSBBKosDQ1T-0dO-lx3Sg",
  "payload": "ewogICJjb250YWN0IjogWwogICAgIm1haWx0bzphbGlzc29udnNvdXphOEBnbWFpbC5jb20iCiAgXSwKICAidGVybXNPZlNlcnZpY2VBZ3JlZWQiOiB0cnVlCn0"
}
2021-11-17 22:27:08,745:DEBUG:urllib3.connectionpool:https://acme-v02.api.letsencrypt.org:443 "POST /acme/new-acct HTTP/1.1" 201 566
2021-11-17 22:27:08,748:DEBUG:acme.client:Received response:
HTTP 201
Server: nginx
Date: Wed, 17 Nov 2021 22:27:08 GMT
Content-Type: application/json
Content-Length: 566
Connection: keep-alive
Boulder-Requester: 284929310
Cache-Control: public, max-age=0, no-cache
Link: <https://acme-v02.api.letsencrypt.org/directory>;rel="index", <https://letsencrypt.org/documents/LE-SA-v1.2-November-15-2017.pdf>;rel="terms-of-service"
Location: https://acme-v02.api.letsencrypt.org/acme/acct/284929310
Replay-Nonce: 0101_tsWRaIEKc2U4QKCNfbhbMFal-UXYIEvS0PvLs2AMPE
X-Frame-Options: DENY
Strict-Transport-Security: max-age=604800

{
  "key": {
    "kty": "RSA",
    "n": "uQpo_6LffrOLl5PsAeJIVhnCb-zbAPc6cfcJG50RyBVS7rExrl48RZ6XbwaRfhMnumKlORnuM0lh2XQV_V7RgwICqzv7fVc9Wr_-2HNY0XMYsO4lbYIyBSvem9Z-zTniC9l-MCsaQnD7VrLfcYnR3pvHnjiVIfPCbAnEBf4C2yBa3AxmNXRa2-b6taRucXHY346X5GS43XbqTpKeaqpNBS0h-cW82C72tSlk3juG2rXMYk3isp6VvyIf_XrcBAfZHuSoD3QBf4M9HBFcC2Q30_MgwStJYpOKUq_DBzo09fuShGOz-N84jXGXX4TKC6w2oozLJ3NevEHqEnLhqP_-qw",
    "e": "AQAB"
  },
  "contact": [
    "mailto:alissonvsouza8@gmail.com"
  ],
  "initialIp": "177.79.67.24",
  "createdAt": "2021-11-17T22:27:08.595622198Z",
  "status": "valid"
}
2021-11-17 22:27:08,750:DEBUG:acme.client:Storing nonce: 0101_tsWRaIEKc2U4QKCNfbhbMFal-UXYIEvS0PvLs2AMPE
2021-11-17 22:27:08,853:WARNING:certbot._internal.display.obj:Skipped user interaction because Certbot doesn't appear to be running in a terminal. You should probably include --non-interactive or --force-interactive on the command line.
2021-11-17 22:27:08,855:DEBUG:certbot._internal.display.obj:Falling back to default False for the prompt:
Would you be willing, once your first certificate is successfully issued, to share your email address with the Electronic Frontier Foundation, a founding partner of the Let's Encrypt project and the non-profit organization that develops Certbot? We'd like to send you email about our work encrypting the web, EFF news, campaigns, and ways to support digital freedom. 
2021-11-17 22:27:08,857:DEBUG:certbot._internal.display.obj:Notifying user: Account registered.
2021-11-17 22:27:08,859:DEBUG:certbot._internal.main:Picked account: <Account(RegistrationResource(body=Registration(key=JWKRSA(key=<ComparableRSAKey(<cryptography.hazmat.backends.openssl.rsa._RSAPublicKey object at 0x7f688a5c7880>)>), contact=('mailto:alissonvsouza8@gmail.com',), agreement=None, status='valid', terms_of_service_agreed=None, only_return_existing=None, external_account_binding=None), uri='https://acme-v02.api.letsencrypt.org/acme/acct/284929310', new_authzr_uri=None, terms_of_service='https://letsencrypt.org/documents/LE-SA-v1.2-November-15-2017.pdf'), bfa24bc50714e17238b1e2ff44919d15, Meta(creation_dt=datetime.datetime(2021, 11, 17, 22, 27, 8, tzinfo=<UTC>), creation_host='a4c152f00c31', register_to_eff=None))>
2021-11-17 22:27:08,882:DEBUG:certbot._internal.display.obj:Notifying user: Requesting a certificate for compcon.com.br and api.compcon.com.br
2021-11-17 22:27:09,052:DEBUG:certbot.crypto_util:Generating RSA key (2048 bits): /etc/letsencrypt/keys/0000_key-certbot.pem
2021-11-17 22:27:09,060:DEBUG:certbot.crypto_util:Creating CSR: /etc/letsencrypt/csr/0000_csr-certbot.pem
2021-11-17 22:27:09,061:DEBUG:acme.client:JWS payload:
b'{\n  "identifiers": [\n    {\n      "type": "dns",\n      "value": "compcon.com.br"\n    },\n    {\n      "type": "dns",\n      "value": "api.compcon.com.br"\n    }\n  ]\n}'
2021-11-17 22:27:09,064:DEBUG:acme.client:Sending POST request to https://acme-v02.api.letsencrypt.org/acme/new-order:
{
  "protected": "eyJhbGciOiAiUlMyNTYiLCAia2lkIjogImh0dHBzOi8vYWNtZS12MDIuYXBpLmxldHNlbmNyeXB0Lm9yZy9hY21lL2FjY3QvMjg0OTI5MzEwIiwgIm5vbmNlIjogIjAxMDFfdHNXUmFJRUtjMlU0UUtDTmZiaGJNRmFsLVVYWUlFdlMwUHZMczJBTVBFIiwgInVybCI6ICJodHRwczovL2FjbWUtdjAyLmFwaS5sZXRzZW5jcnlwdC5vcmcvYWNtZS9uZXctb3JkZXIifQ",
  "signature": "dp52oS6M8Oydg4NaRIykBeaIbQDhjos7YW8d1UfC0WITp9J3nqj5IDO89Oim1IwLGzDAvamlKYR8BhxRG1e_1igyh2K1uL4egCjsrm4sWCF8k2RwjEqcCtE81dti_tQgw7VDq5-XUCrkzH6eQX98uihioiLSapVnCWe8NrRQBhkoBiAHAK-Yna_Bk24xP1aPPRcXfHAwzuRthlUSL170yRWxXQ_q9ddfcxo6dWX7EcbC_-FvSYd0jSJce42PAOB-xOMv8mfrNUvmsrAX83EaBkoVW-0Sk8-_iU6D-UyQl4OGD2EDlPxgDZOqWJQ7NR7zGXBLR68H5VhRIwv0xOwOWg",
  "payload": "ewogICJpZGVudGlmaWVycyI6IFsKICAgIHsKICAgICAgInR5cGUiOiAiZG5zIiwKICAgICAgInZhbHVlIjogImNvbXBjb24uY29tLmJyIgogICAgfSwKICAgIHsKICAgICAgInR5cGUiOiAiZG5zIiwKICAgICAgInZhbHVlIjogImFwaS5jb21wY29uLmNvbS5iciIKICAgIH0KICBdCn0"
}
2021-11-17 22:27:09,449:DEBUG:urllib3.connectionpool:https://acme-v02.api.letsencrypt.org:443 "POST /acme/new-order HTTP/1.1" 201 477
2021-11-17 22:27:09,453:DEBUG:acme.client:Received response:
HTTP 201
Server: nginx
Date: Wed, 17 Nov 2021 22:27:09 GMT
Content-Type: application/json
Content-Length: 477
Connection: keep-alive
Boulder-Requester: 284929310
Cache-Control: public, max-age=0, no-cache
Link: <https://acme-v02.api.letsencrypt.org/directory>;rel="index"
Location: https://acme-v02.api.letsencrypt.org/acme/order/284929310/40471201420
Replay-Nonce: 0101mxYm5nzmeoELFLd_xtpredHCMiJcg1MwmteI1_GCqok
X-Frame-Options: DENY
Strict-Transport-Security: max-age=604800

{
  "status": "pending",
  "expires": "2021-11-24T22:27:09Z",
  "identifiers": [
    {
      "type": "dns",
      "value": "api.compcon.com.br"
    },
    {
      "type": "dns",
      "value": "compcon.com.br"
    }
  ],
  "authorizations": [
    "https://acme-v02.api.letsencrypt.org/acme/authz-v3/50290833560",
    "https://acme-v02.api.letsencrypt.org/acme/authz-v3/50290833570"
  ],
  "finalize": "https://acme-v02.api.letsencrypt.org/acme/finalize/284929310/40471201420"
}
2021-11-17 22:27:09,454:DEBUG:acme.client:Storing nonce: 0101mxYm5nzmeoELFLd_xtpredHCMiJcg1MwmteI1_GCqok
2021-11-17 22:27:09,461:DEBUG:acme.client:JWS payload:
b''
2021-11-17 22:27:09,467:DEBUG:acme.client:Sending POST request to https://acme-v02.api.letsencrypt.org/acme/authz-v3/50290833560:
{
  "protected": "eyJhbGciOiAiUlMyNTYiLCAia2lkIjogImh0dHBzOi8vYWNtZS12MDIuYXBpLmxldHNlbmNyeXB0Lm9yZy9hY21lL2FjY3QvMjg0OTI5MzEwIiwgIm5vbmNlIjogIjAxMDFteFltNW56bWVvRUxGTGRfeHRwcmVkSENNaUpjZzFNd210ZUkxX0dDcW9rIiwgInVybCI6ICJodHRwczovL2FjbWUtdjAyLmFwaS5sZXRzZW5jcnlwdC5vcmcvYWNtZS9hdXRoei12My81MDI5MDgzMzU2MCJ9",
  "signature": "YM2LuQT6HsbLQCM_QJI6_IDHQgD9J1j2l_f98TmBZR7XLbiMvgb_GUhQNkz27dcIOiUkvZQx44wB4RN7I6KpLHf2ZpzoWZDBBVJ4Szv-ZycxX3J8HqwvUl1-rVRbUsb8S5PCxjky-jR6O0XG-GB2B0p0x3IYD8h__EUY6PI_F82kPNTEgg2TSRl7bdepGBUVz0TNUiPMjiqUULmLXnEUccTi-1Z0XCg25R3QMhjAOMP_42aY_og0UwAIZES1-qZi1SjbJZkkQVcw3CqsW89jdY3bqleJhkuEWVP9ErA0NPDDVkVsBWTpa23TT-gBapDEUGi-yP7K3hhbdLNydVmh9Q",
  "payload": ""
}
2021-11-17 22:27:09,755:DEBUG:urllib3.connectionpool:https://acme-v02.api.letsencrypt.org:443 "POST /acme/authz-v3/50290833560 HTTP/1.1" 200 799
2021-11-17 22:27:09,757:DEBUG:acme.client:Received response:
HTTP 200
Server: nginx
Date: Wed, 17 Nov 2021 22:27:09 GMT
Content-Type: application/json
Content-Length: 799
Connection: keep-alive
Boulder-Requester: 284929310
Cache-Control: public, max-age=0, no-cache
Link: <https://acme-v02.api.letsencrypt.org/directory>;rel="index"
Replay-Nonce: 01020EREO7ohBTXoCIqYLMNJzFiSBHq_u3SYO6AJKfNkfwo
X-Frame-Options: DENY
Strict-Transport-Security: max-age=604800

{
  "identifier": {
    "type": "dns",
    "value": "api.compcon.com.br"
  },
  "status": "pending",
  "expires": "2021-11-24T22:27:09Z",
  "challenges": [
    {
      "type": "http-01",
      "status": "pending",
      "url": "https://acme-v02.api.letsencrypt.org/acme/chall-v3/50290833560/INRqZQ",
      "token": "tOMyQSgPPjfbl9qOyie8D9Oz60cxJE9iT82eRrWtbAg"
    },
    {
      "type": "dns-01",
      "status": "pending",
      "url": "https://acme-v02.api.letsencrypt.org/acme/chall-v3/50290833560/53FFZA",
      "token": "tOMyQSgPPjfbl9qOyie8D9Oz60cxJE9iT82eRrWtbAg"
    },
    {
      "type": "tls-alpn-01",
      "status": "pending",
      "url": "https://acme-v02.api.letsencrypt.org/acme/chall-v3/50290833560/lTqM3g",
      "token": "tOMyQSgPPjfbl9qOyie8D9Oz60cxJE9iT82eRrWtbAg"
    }
  ]
}
2021-11-17 22:27:09,759:DEBUG:acme.client:Storing nonce: 01020EREO7ohBTXoCIqYLMNJzFiSBHq_u3SYO6AJKfNkfwo
2021-11-17 22:27:09,762:DEBUG:acme.client:JWS payload:
b''
2021-11-17 22:27:09,768:DEBUG:acme.client:Sending POST request to https://acme-v02.api.letsencrypt.org/acme/authz-v3/50290833570:
{
  "protected": "eyJhbGciOiAiUlMyNTYiLCAia2lkIjogImh0dHBzOi8vYWNtZS12MDIuYXBpLmxldHNlbmNyeXB0Lm9yZy9hY21lL2FjY3QvMjg0OTI5MzEwIiwgIm5vbmNlIjogIjAxMDIwRVJFTzdvaEJUWG9DSXFZTE1OSnpGaVNCSHFfdTNTWU82QUpLZk5rZndvIiwgInVybCI6ICJodHRwczovL2FjbWUtdjAyLmFwaS5sZXRzZW5jcnlwdC5vcmcvYWNtZS9hdXRoei12My81MDI5MDgzMzU3MCJ9",
  "signature": "QGRfkoE2or0x7pB7g7aEC7BXxuRVlqU7jLH1EySG44S9eBoOEPNk4NmS09EXsf-zMBMUBpYImGER0BdfR29WOxUFH6yYau9w7c6vbQC3zhxMq1alpexhmNpwfWIfx2q9aY6vNpG2_VluaN9yMITK8_hCZZPTC3sT42J61CHC4CqqF8mOt37LXsnDzjkxUQZJEw1VnygJ_JDWTo8ecG4gs6BUECMkQESsoqMDMtHJ_kM2YxzTVq2pUt1hr7vV4uKMejYQjJOhtIcN6T0zToAjhkGCz9TWMvR7FQcxb2LKHSAwaSGCR-K1AAVXTe8_GXAaOWpFxy_1FAqF4LlrzcoVFw",
  "payload": ""
}
2021-11-17 22:27:10,071:DEBUG:urllib3.connectionpool:https://acme-v02.api.letsencrypt.org:443 "POST /acme/authz-v3/50290833570 HTTP/1.1" 200 795
2021-11-17 22:27:10,074:DEBUG:acme.client:Received response:
HTTP 200
Server: nginx
Date: Wed, 17 Nov 2021 22:27:09 GMT
Content-Type: application/json
Content-Length: 795
Connection: keep-alive
Boulder-Requester: 284929310
Cache-Control: public, max-age=0, no-cache
Link: <https://acme-v02.api.letsencrypt.org/directory>;rel="index"
Replay-Nonce: 010227nSEFxXu5vQMg_yFIoNf1Z-svWapz9cHIwSBKrWZAY
X-Frame-Options: DENY
Strict-Transport-Security: max-age=604800

{
  "identifier": {
    "type": "dns",
    "value": "compcon.com.br"
  },
  "status": "pending",
  "expires": "2021-11-24T22:27:09Z",
  "challenges": [
    {
      "type": "http-01",
      "status": "pending",
      "url": "https://acme-v02.api.letsencrypt.org/acme/chall-v3/50290833570/DNHbbQ",
      "token": "srjGVFB__AMxbmTTu_UfHpltLfB6iJ6hIxzAfULmfwk"
    },
    {
      "type": "dns-01",
      "status": "pending",
      "url": "https://acme-v02.api.letsencrypt.org/acme/chall-v3/50290833570/ixfCbw",
      "token": "srjGVFB__AMxbmTTu_UfHpltLfB6iJ6hIxzAfULmfwk"
    },
    {
      "type": "tls-alpn-01",
      "status": "pending",
      "url": "https://acme-v02.api.letsencrypt.org/acme/chall-v3/50290833570/7ak6uA",
      "token": "srjGVFB__AMxbmTTu_UfHpltLfB6iJ6hIxzAfULmfwk"
    }
  ]
}
2021-11-17 22:27:10,076:DEBUG:acme.client:Storing nonce: 010227nSEFxXu5vQMg_yFIoNf1Z-svWapz9cHIwSBKrWZAY
2021-11-17 22:27:10,079:INFO:certbot._internal.auth_handler:Performing the following challenges:
2021-11-17 22:27:10,080:INFO:certbot._internal.auth_handler:dns-01 challenge for api.compcon.com.br
2021-11-17 22:27:10,082:INFO:certbot._internal.auth_handler:dns-01 challenge for compcon.com.br
2021-11-17 22:27:10,086:DEBUG:certbot._internal.display.obj:Notifying user: Please deploy a DNS TXT record under the name:

_acme-challenge.api.compcon.com.br.

with the following value:

9YVmNDTBh1abbRjIJw1tVsRAo8S2Gs0g0HTkVgbUiCk

2021-11-17 22:27:10,091:DEBUG:certbot._internal.error_handler:Encountered exception:
Traceback (most recent call last):
  File "/opt/certbot/src/certbot/certbot/_internal/auth_handler.py", line 70, in handle_authorizations
    resps = self.auth.perform(achalls)
  File "/opt/certbot/src/certbot/certbot/_internal/plugins/manual.py", line 179, in perform
    self._perform_achall_manually(achall, i == last_dns_achall)
  File "/opt/certbot/src/certbot/certbot/_internal/plugins/manual.py", line 225, in _perform_achall_manually
    display_util.notification(msg, wrap=False, force_interactive=True)
  File "/opt/certbot/src/certbot/certbot/display/util.py", line 76, in notification
    obj.get_display().notification(message, pause=pause, wrap=wrap,
  File "/opt/certbot/src/certbot/certbot/_internal/display/obj.py", line 88, in notification
    util.input_with_timeout("Press Enter to Continue")
  File "/opt/certbot/src/certbot/certbot/_internal/display/util.py", line 66, in input_with_timeout
    raise EOFError
EOFError

2021-11-17 22:27:10,093:DEBUG:certbot._internal.error_handler:Calling registered functions
2021-11-17 22:27:10,094:INFO:certbot._internal.auth_handler:Cleaning up challenges
2021-11-17 22:27:10,096:DEBUG:certbot._internal.log:Exiting abnormally:
Traceback (most recent call last):
  File "/usr/local/bin/certbot", line 33, in <module>
    sys.exit(load_entry_point('certbot', 'console_scripts', 'certbot')())
  File "/opt/certbot/src/certbot/certbot/main.py", line 15, in main
    return internal_main.main(cli_args)
  File "/opt/certbot/src/certbot/certbot/_internal/main.py", line 1574, in main
    return config.func(config, plugins)
  File "/opt/certbot/src/certbot/certbot/_internal/main.py", line 1434, in certonly
    lineage = _get_and_save_cert(le_client, config, domains, certname, lineage)
  File "/opt/certbot/src/certbot/certbot/_internal/main.py", line 133, in _get_and_save_cert
    lineage = le_client.obtain_and_enroll_certificate(domains, certname)
  File "/opt/certbot/src/certbot/certbot/_internal/client.py", line 459, in obtain_and_enroll_certificate
    cert, chain, key, _ = self.obtain_certificate(domains)
  File "/opt/certbot/src/certbot/certbot/_internal/client.py", line 389, in obtain_certificate
    orderr = self._get_order_and_authorizations(csr.data, self.config.allow_subset_of_names)
  File "/opt/certbot/src/certbot/certbot/_internal/client.py", line 439, in _get_order_and_authorizations
    authzr = self.auth_handler.handle_authorizations(orderr, self.config, best_effort)
  File "/opt/certbot/src/certbot/certbot/_internal/auth_handler.py", line 70, in handle_authorizations
    resps = self.auth.perform(achalls)
  File "/opt/certbot/src/certbot/certbot/_internal/plugins/manual.py", line 179, in perform
    self._perform_achall_manually(achall, i == last_dns_achall)
  File "/opt/certbot/src/certbot/certbot/_internal/plugins/manual.py", line 225, in _perform_achall_manually
    display_util.notification(msg, wrap=False, force_interactive=True)
  File "/opt/certbot/src/certbot/certbot/display/util.py", line 76, in notification
    obj.get_display().notification(message, pause=pause, wrap=wrap,
  File "/opt/certbot/src/certbot/certbot/_internal/display/obj.py", line 88, in notification
    util.input_with_timeout("Press Enter to Continue")
  File "/opt/certbot/src/certbot/certbot/_internal/display/util.py", line 66, in input_with_timeout
    raise EOFError
EOFError
2021-11-17 22:27:10,103:ERROR:certbot._internal.log:An unexpected error occurred:
2021-11-17 22:27:10,106:ERROR:certbot._internal.log:EOFError
